<!DOCTYPE html PUBLIC "-//W3C//DTD XHTML 1.1//EN" "http://www.w3.org/TR/xhtml11/DTD/xhtml11.dtd">
<html xmlns="http://www.w3.org/1999/xhtml">
<head>
<meta http-equiv="content-type" content="text/html; charset=UTF-8"/>
<title>TestNG Report</title>
<style type="text/css">table {margin-bottom:10px;border-collapse:collapse;empty-cells:show}th,td {border:1px solid #009;padding:.25em .5em}th {vertical-align:bottom}td {vertical-align:top}table a {font-weight:bold}.stripe td {background-color: #E6EBF9}.num {text-align:right}.passedodd td {background-color: #3F3}.passedeven td {background-color: #0A0}.skippedodd td {background-color: #DDD}.skippedeven td {background-color: #CCC}.failedodd td,.attn {background-color: #F33}.failedeven td,.stripe .attn {background-color: #D00}.stacktrace {white-space:pre;font-family:monospace}.totop {font-size:85%;text-align:center;border-bottom:2px solid #000}.invisible {display:none}</style>
</head>
<body>
<table>
<tr><th>Test</th><th># Passed</th><th># Skipped</th><th># Retried</th><th># Failed</th><th>Time (ms)</th><th>Included Groups</th><th>Excluded Groups</th></tr>
<tr><th colspan="7">Testng Features Testing</th></tr>
<tr><td><a href="#t0">Testng All Features Testing</a></td><td class="num">20</td><td class="num attn">3</td><td class="num">0</td><td class="num attn">2</td><td class="num">107,180</td><td></td><td></td></tr>
</table>
<table id='summary'><thead><tr><th>Class</th><th>Method</th><th>Start</th><th>Time (ms)</th></tr></thead><tbody><tr><th colspan="4">Testng Features Testing</th></tr></tbody><tbody id="t0"><tr><th colspan="4">Testng All Features Testing &#8212; failed</th></tr><tr class="failedeven"><td rowspan="1">com.test.GoogleTest</td><td><a href="#m0">googleLogoTest</a></td><td rowspan="1">1572655683173</td><td rowspan="1">590</td></tr><tr class="failedodd"><td rowspan="1">com.test.TestNgFeatures</td><td><a href="#m1">LoginTest</a></td><td rowspan="1">1572655735645</td><td rowspan="1">7</td></tr><tr><th colspan="4">Testng All Features Testing &#8212; skipped</th></tr><tr class="skippedeven"><td rowspan="3">com.test.TestNgFeatures</td><td><a href="#m2">HomePageTest</a></td><td rowspan="1">1572655735656</td><td rowspan="1">0</td></tr><tr class="skippedeven"><td><a href="#m3">RegPageTest</a></td><td rowspan="1">1572655735660</td><td rowspan="1">0</td></tr><tr class="skippedeven"><td><a href="#m4">SearchPageTest</a></td><td rowspan="1">1572655735667</td><td rowspan="1">0</td></tr><tr><th colspan="4">Testng All Features Testing &#8212; passed</th></tr><tr class="passedeven"><td rowspan="1">com.test.ExceptionTimeOutTest</td><td><a href="#m5">expectedException</a></td><td rowspan="1">1572655653470</td><td rowspan="1">6</td></tr><tr class="passedodd"><td rowspan="5">com.test.GoogleTest</td><td><a href="#m6">Test1</a></td><td rowspan="1">1572655710149</td><td rowspan="1">2</td></tr><tr class="passedodd"><td><a href="#m7">Test2</a></td><td rowspan="1">1572655722724</td><td rowspan="1">1</td></tr><tr class="passedodd"><td><a href="#m8">Test3</a></td><td rowspan="1">1572655734765</td><td rowspan="1">1</td></tr><tr class="passedodd"><td><a href="#m9">googleTitleTest</a></td><td rowspan="1">1572655668842</td><td rowspan="1">53</td></tr><tr class="passedodd"><td><a href="#m10">mailLinkTest</a></td><td rowspan="1">1572655696684</td><td rowspan="1">180</td></tr><tr class="passedeven"><td rowspan="10">com.test.InvocationCountTest</td><td><a href="#m11">sum</a></td><td rowspan="10">1572655735611</td><td rowspan="10">2</td></tr><tr class="passedeven"><td><a href="#m12">sum</a></td></tr><tr class="passedeven"><td><a href="#m13">sum</a></td></tr><tr class="passedeven"><td><a href="#m14">sum</a></td></tr><tr class="passedeven"><td><a href="#m15">sum</a></td></tr><tr class="passedeven"><td><a href="#m16">sum</a></td></tr><tr class="passedeven"><td><a href="#m17">sum</a></td></tr><tr class="passedeven"><td><a href="#m18">sum</a></td></tr><tr class="passedeven"><td><a href="#m19">sum</a></td></tr><tr class="passedeven"><td><a href="#m20">sum</a></td></tr><tr class="passedodd"><td rowspan="2">com.test.TestNgBasics</td><td><a href="#m21">Test2</a></td><td rowspan="1">1572655735634</td><td rowspan="1">2</td></tr><tr class="passedodd"><td><a href="#m22">googleTitleTest</a></td><td rowspan="1">1572655735638</td><td rowspan="1">1</td></tr><tr class="passedeven"><td rowspan="2">com.test.ValidationTest</td><td><a href="#m23">getTitle</a></td><td rowspan="1">1572655746916</td><td rowspan="1">50</td></tr><tr class="passedeven"><td><a href="#m24">googleLogoTest</a></td><td rowspan="1">1572655759730</td><td rowspan="1">86</td></tr></tbody>
</table>
<h2>Testng All Features Testing</h2><h3 id="m0">com.test.GoogleTest#googleLogoTest</h3><table class="result"><tr><th>Exception</th></tr><tr><td><div class="stacktrace">org.openqa.selenium.InvalidSelectorException: invalid selector: Unable to locate an element with the xpath expression //*[@id=\&quot;hplogo\&quot;] because of the following error:
SyntaxError: Failed to execute &apos;evaluate&apos; on &apos;Document&apos;: The string &apos;//*[@id=\&quot;hplogo\&quot;]&apos; is not a valid XPath expression.
  (Session info: chrome=78.0.3904.87)
For documentation on this error, please visit: https://www.seleniumhq.org/exceptions/invalid_selector_exception.html
Build info: version: &apos;3.141.59&apos;, revision: &apos;e82be7d358&apos;, time: &apos;2018-11-14T08:25:48&apos;
System info: host: &apos;USER&apos;, ip: &apos;192.168.0.110&apos;, os.name: &apos;Windows 10&apos;, os.arch: &apos;amd64&apos;, os.version: &apos;10.0&apos;, java.version: &apos;1.8.0_211&apos;
Driver info: org.openqa.selenium.chrome.ChromeDriver
Capabilities {acceptInsecureCerts: false, browserName: chrome, browserVersion: 78.0.3904.87, chrome: {chromedriverVersion: 77.0.3865.40 (f484704e052e0..., userDataDir: C:\Users\User\AppData\Local...}, goog:chromeOptions: {debuggerAddress: localhost:52220}, javascriptEnabled: true, networkConnectionEnabled: false, pageLoadStrategy: normal, platform: XP, platformName: XP, proxy: Proxy(), setWindowRect: true, strictFileInteractability: false, timeouts: {implicit: 0, pageLoad: 300000, script: 30000}, unhandledPromptBehavior: dismiss and notify}
Session ID: 8f44abc3493263e0e4427bea56116334
*** Element info: {Using=xpath, value=//*[@id=\&quot;hplogo\&quot;]}
	at org.openqa.selenium.remote.http.W3CHttpResponseCodec.createException(W3CHttpResponseCodec.java:187)
	at org.openqa.selenium.remote.http.W3CHttpResponseCodec.decode(W3CHttpResponseCodec.java:122)
	at org.openqa.selenium.remote.http.W3CHttpResponseCodec.decode(W3CHttpResponseCodec.java:49)
	at org.openqa.selenium.remote.HttpCommandExecutor.execute(HttpCommandExecutor.java:158)
	at org.openqa.selenium.remote.service.DriverCommandExecutor.execute(DriverCommandExecutor.java:83)
	at org.openqa.selenium.remote.RemoteWebDriver.execute(RemoteWebDriver.java:552)
	at org.openqa.selenium.remote.RemoteWebDriver.findElement(RemoteWebDriver.java:323)
	at org.openqa.selenium.remote.RemoteWebDriver.findElementByXPath(RemoteWebDriver.java:428)
	at org.openqa.selenium.By$ByXPath.findElement(By.java:353)
	at org.openqa.selenium.remote.RemoteWebDriver.findElement(RemoteWebDriver.java:315)
	at com.test.GoogleTest.googleLogoTest(GoogleTest.java:35)
	at java.util.ArrayList.forEach(ArrayList.java:1257)
... Removed 31 stack frames</div></td></tr></table><p class="totop"><a href="#summary">back to summary</a></p>
<h3 id="m1">com.test.TestNgFeatures#LoginTest</h3><table class="result"><tr><th>Exception</th></tr><tr><td><div class="stacktrace">java.lang.ArithmeticException: / by zero
	at com.test.TestNgFeatures.LoginTest(TestNgFeatures.java:10)
	at java.util.ArrayList.forEach(ArrayList.java:1257)
... Removed 27 stack frames</div></td></tr></table><p class="totop"><a href="#summary">back to summary</a></p>
<h3 id="m2">com.test.TestNgFeatures#HomePageTest</h3><table class="result"><tr><th>Exception</th></tr><tr><td><div class="stacktrace">java.lang.Throwable: Method TestNgFeatures.HomePageTest()[pri:0, instance:com.test.TestNgFeatures@61f8bee4] depends on not successfully finished methods
	at java.util.ArrayList.forEach(ArrayList.java:1257)
... Removed 18 stack frames</div></td></tr></table><p class="totop"><a href="#summary">back to summary</a></p>
<h3 id="m3">com.test.TestNgFeatures#RegPageTest</h3><table class="result"><tr><th>Exception</th></tr><tr><td><div class="stacktrace">java.lang.Throwable: Method TestNgFeatures.RegPageTest()[pri:0, instance:com.test.TestNgFeatures@61f8bee4] depends on not successfully finished methods
	at java.util.ArrayList.forEach(ArrayList.java:1257)
... Removed 18 stack frames</div></td></tr></table><p class="totop"><a href="#summary">back to summary</a></p>
<h3 id="m4">com.test.TestNgFeatures#SearchPageTest</h3><table class="result"><tr><th>Exception</th></tr><tr><td><div class="stacktrace">java.lang.Throwable: Method TestNgFeatures.SearchPageTest()[pri:0, instance:com.test.TestNgFeatures@61f8bee4] depends on not successfully finished methods
	at java.util.ArrayList.forEach(ArrayList.java:1257)
... Removed 18 stack frames</div></td></tr></table><p class="totop"><a href="#summary">back to summary</a></p>
<h3 id="m5">com.test.ExceptionTimeOutTest#expectedException</h3><table class="result"><tr><th>Expected Exception</th></tr><tr><td><div class="stacktrace">java.lang.NumberFormatException: For input string: &quot;200B&quot;
	at java.lang.NumberFormatException.forInputString(NumberFormatException.java:65)
	at java.lang.Integer.parseInt(Integer.java:580)
	at java.lang.Integer.parseInt(Integer.java:615)
	at com.test.ExceptionTimeOutTest.expectedException(ExceptionTimeOutTest.java:22)
	at java.util.ArrayList.forEach(ArrayList.java:1257)
... Removed 27 stack frames</div></td></tr></table><p class="totop"><a href="#summary">back to summary</a></p>
<h3 id="m6">com.test.GoogleTest#Test1</h3><table class="result"><tr><th class="invisible"/></tr></table><p class="totop"><a href="#summary">back to summary</a></p>
<h3 id="m7">com.test.GoogleTest#Test2</h3><table class="result"><tr><th class="invisible"/></tr></table><p class="totop"><a href="#summary">back to summary</a></p>
<h3 id="m8">com.test.GoogleTest#Test3</h3><table class="result"><tr><th class="invisible"/></tr></table><p class="totop"><a href="#summary">back to summary</a></p>
<h3 id="m9">com.test.GoogleTest#googleTitleTest</h3><table class="result"><tr><th class="invisible"/></tr></table><p class="totop"><a href="#summary">back to summary</a></p>
<h3 id="m10">com.test.GoogleTest#mailLinkTest</h3><table class="result"><tr><th class="invisible"/></tr></table><p class="totop"><a href="#summary">back to summary</a></p>
<h3 id="m11">com.test.InvocationCountTest#sum</h3><table class="result"><tr><th class="invisible"/></tr></table><p class="totop"><a href="#summary">back to summary</a></p>
<h3 id="m12">com.test.InvocationCountTest#sum</h3><table class="result"><tr><th class="invisible"/></tr></table><p class="totop"><a href="#summary">back to summary</a></p>
<h3 id="m13">com.test.InvocationCountTest#sum</h3><table class="result"><tr><th class="invisible"/></tr></table><p class="totop"><a href="#summary">back to summary</a></p>
<h3 id="m14">com.test.InvocationCountTest#sum</h3><table class="result"><tr><th class="invisible"/></tr></table><p class="totop"><a href="#summary">back to summary</a></p>
<h3 id="m15">com.test.InvocationCountTest#sum</h3><table class="result"><tr><th class="invisible"/></tr></table><p class="totop"><a href="#summary">back to summary</a></p>
<h3 id="m16">com.test.InvocationCountTest#sum</h3><table class="result"><tr><th class="invisible"/></tr></table><p class="totop"><a href="#summary">back to summary</a></p>
<h3 id="m17">com.test.InvocationCountTest#sum</h3><table class="result"><tr><th class="invisible"/></tr></table><p class="totop"><a href="#summary">back to summary</a></p>
<h3 id="m18">com.test.InvocationCountTest#sum</h3><table class="result"><tr><th class="invisible"/></tr></table><p class="totop"><a href="#summary">back to summary</a></p>
<h3 id="m19">com.test.InvocationCountTest#sum</h3><table class="result"><tr><th class="invisible"/></tr></table><p class="totop"><a href="#summary">back to summary</a></p>
<h3 id="m20">com.test.InvocationCountTest#sum</h3><table class="result"><tr><th class="invisible"/></tr></table><p class="totop"><a href="#summary">back to summary</a></p>
<h3 id="m21">com.test.TestNgBasics#Test2</h3><table class="result"><tr><th class="invisible"/></tr></table><p class="totop"><a href="#summary">back to summary</a></p>
<h3 id="m22">com.test.TestNgBasics#googleTitleTest</h3><table class="result"><tr><th class="invisible"/></tr></table><p class="totop"><a href="#summary">back to summary</a></p>
<h3 id="m23">com.test.ValidationTest#getTitle</h3><table class="result"><tr><th class="invisible"/></tr></table><p class="totop"><a href="#summary">back to summary</a></p>
<h3 id="m24">com.test.ValidationTest#googleLogoTest</h3><table class="result"><tr><th class="invisible"/></tr></table><p class="totop"><a href="#summary">back to summary</a></p>
</body>
</html>
