<?xml version="1.0" encoding="UTF-8"?>
<testng-results skipped="3" failed="2" ignored="0" total="25" passed="20">
  <reporter-output>
  </reporter-output>
  <suite name="Testng Features Testing" duration-ms="107180" started-at="2019-11-01T20:47:33 EDT" finished-at="2019-11-01T20:49:20 EDT">
    <groups>
      <group name="Title Test">
        <method signature="GoogleTest.googleTitleTest()[pri:1, instance:com.test.GoogleTest@65e2dbf3]" name="googleTitleTest" class="com.test.GoogleTest"/>
      </group> <!-- Title Test -->
      <group name="Link Test">
        <method signature="GoogleTest.mailLinkTest()[pri:3, instance:com.test.GoogleTest@65e2dbf3]" name="mailLinkTest" class="com.test.GoogleTest"/>
      </group> <!-- Link Test -->
      <group name="Test">
        <method signature="GoogleTest.Test1()[pri:4, instance:com.test.GoogleTest@65e2dbf3]" name="Test1" class="com.test.GoogleTest"/>
        <method signature="GoogleTest.Test2()[pri:5, instance:com.test.GoogleTest@65e2dbf3]" name="Test2" class="com.test.GoogleTest"/>
        <method signature="GoogleTest.Test3()[pri:6, instance:com.test.GoogleTest@65e2dbf3]" name="Test3" class="com.test.GoogleTest"/>
      </group> <!-- Test -->
      <group name="Logo">
        <method signature="GoogleTest.googleLogoTest()[pri:2, instance:com.test.GoogleTest@65e2dbf3]" name="googleLogoTest" class="com.test.GoogleTest"/>
      </group> <!-- Logo -->
    </groups>
    <test name="Testng All Features Testing" duration-ms="107180" started-at="2019-11-01T20:47:33 EDT" finished-at="2019-11-01T20:49:20 EDT">
      <class name="com.test.GoogleTest">
        <test-method status="PASS" signature="setUp()[pri:0, instance:com.test.GoogleTest@65e2dbf3]" name="setUp" is-config="true" duration-ms="15353" started-at="2019-11-01T20:47:33 EDT" finished-at="2019-11-01T20:47:48 EDT">
          <reporter-output>
          </reporter-output>
        </test-method> <!-- setUp -->
        <test-method status="PASS" signature="googleTitleTest()[pri:1, instance:com.test.GoogleTest@65e2dbf3]" name="googleTitleTest" duration-ms="53" started-at="2019-11-01T20:47:48 EDT" finished-at="2019-11-01T20:47:48 EDT">
          <reporter-output>
          </reporter-output>
        </test-method> <!-- googleTitleTest -->
        <test-method status="PASS" signature="tearDown()[pri:0, instance:com.test.GoogleTest@65e2dbf3]" name="tearDown" is-config="true" duration-ms="1635" started-at="2019-11-01T20:47:48 EDT" finished-at="2019-11-01T20:47:50 EDT">
          <reporter-output>
          </reporter-output>
        </test-method> <!-- tearDown -->
        <test-method status="PASS" signature="setUp()[pri:0, instance:com.test.GoogleTest@65e2dbf3]" name="setUp" is-config="true" duration-ms="12640" started-at="2019-11-01T20:47:50 EDT" finished-at="2019-11-01T20:48:03 EDT">
          <reporter-output>
          </reporter-output>
        </test-method> <!-- setUp -->
        <test-method status="FAIL" signature="googleLogoTest()[pri:2, instance:com.test.GoogleTest@65e2dbf3]" name="googleLogoTest" duration-ms="590" started-at="2019-11-01T20:48:03 EDT" finished-at="2019-11-01T20:48:03 EDT">
          <exception class="org.openqa.selenium.InvalidSelectorException">
            <message>
              <![CDATA[invalid selector: Unable to locate an element with the xpath expression //*[@id=\"hplogo\"] because of the following error:
SyntaxError: Failed to execute 'evaluate' on 'Document': The string '//*[@id=\"hplogo\"]' is not a valid XPath expression.
  (Session info: chrome=78.0.3904.87)
For documentation on this error, please visit: https://www.seleniumhq.org/exceptions/invalid_selector_exception.html
Build info: version: '3.141.59', revision: 'e82be7d358', time: '2018-11-14T08:25:48'
System info: host: 'USER', ip: '192.168.0.110', os.name: 'Windows 10', os.arch: 'amd64', os.version: '10.0', java.version: '1.8.0_211'
Driver info: org.openqa.selenium.chrome.ChromeDriver
Capabilities {acceptInsecureCerts: false, browserName: chrome, browserVersion: 78.0.3904.87, chrome: {chromedriverVersion: 77.0.3865.40 (f484704e052e0..., userDataDir: C:\Users\User\AppData\Local...}, goog:chromeOptions: {debuggerAddress: localhost:52220}, javascriptEnabled: true, networkConnectionEnabled: false, pageLoadStrategy: normal, platform: XP, platformName: XP, proxy: Proxy(), setWindowRect: true, strictFileInteractability: false, timeouts: {implicit: 0, pageLoad: 300000, script: 30000}, unhandledPromptBehavior: dismiss and notify}
Session ID: 8f44abc3493263e0e4427bea56116334
*** Element info: {Using=xpath, value=//*[@id=\"hplogo\"]}]]>
            </message>
            <full-stacktrace>
              <![CDATA[org.openqa.selenium.InvalidSelectorException: invalid selector: Unable to locate an element with the xpath expression //*[@id=\"hplogo\"] because of the following error:
SyntaxError: Failed to execute 'evaluate' on 'Document': The string '//*[@id=\"hplogo\"]' is not a valid XPath expression.
  (Session info: chrome=78.0.3904.87)
For documentation on this error, please visit: https://www.seleniumhq.org/exceptions/invalid_selector_exception.html
Build info: version: '3.141.59', revision: 'e82be7d358', time: '2018-11-14T08:25:48'
System info: host: 'USER', ip: '192.168.0.110', os.name: 'Windows 10', os.arch: 'amd64', os.version: '10.0', java.version: '1.8.0_211'
Driver info: org.openqa.selenium.chrome.ChromeDriver
Capabilities {acceptInsecureCerts: false, browserName: chrome, browserVersion: 78.0.3904.87, chrome: {chromedriverVersion: 77.0.3865.40 (f484704e052e0..., userDataDir: C:\Users\User\AppData\Local...}, goog:chromeOptions: {debuggerAddress: localhost:52220}, javascriptEnabled: true, networkConnectionEnabled: false, pageLoadStrategy: normal, platform: XP, platformName: XP, proxy: Proxy(), setWindowRect: true, strictFileInteractability: false, timeouts: {implicit: 0, pageLoad: 300000, script: 30000}, unhandledPromptBehavior: dismiss and notify}
Session ID: 8f44abc3493263e0e4427bea56116334
*** Element info: {Using=xpath, value=//*[@id=\"hplogo\"]}
at sun.reflect.NativeConstructorAccessorImpl.newInstance0(Native Method)
at sun.reflect.NativeConstructorAccessorImpl.newInstance(NativeConstructorAccessorImpl.java:62)
at sun.reflect.DelegatingConstructorAccessorImpl.newInstance(DelegatingConstructorAccessorImpl.java:45)
at java.lang.reflect.Constructor.newInstance(Constructor.java:423)
at org.openqa.selenium.remote.http.W3CHttpResponseCodec.createException(W3CHttpResponseCodec.java:187)
at org.openqa.selenium.remote.http.W3CHttpResponseCodec.decode(W3CHttpResponseCodec.java:122)
at org.openqa.selenium.remote.http.W3CHttpResponseCodec.decode(W3CHttpResponseCodec.java:49)
at org.openqa.selenium.remote.HttpCommandExecutor.execute(HttpCommandExecutor.java:158)
at org.openqa.selenium.remote.service.DriverCommandExecutor.execute(DriverCommandExecutor.java:83)
at org.openqa.selenium.remote.RemoteWebDriver.execute(RemoteWebDriver.java:552)
at org.openqa.selenium.remote.RemoteWebDriver.findElement(RemoteWebDriver.java:323)
at org.openqa.selenium.remote.RemoteWebDriver.findElementByXPath(RemoteWebDriver.java:428)
at org.openqa.selenium.By$ByXPath.findElement(By.java:353)
at org.openqa.selenium.remote.RemoteWebDriver.findElement(RemoteWebDriver.java:315)
at com.test.GoogleTest.googleLogoTest(GoogleTest.java:35)
at sun.reflect.NativeMethodAccessorImpl.invoke0(Native Method)
at sun.reflect.NativeMethodAccessorImpl.invoke(NativeMethodAccessorImpl.java:62)
at sun.reflect.DelegatingMethodAccessorImpl.invoke(DelegatingMethodAccessorImpl.java:43)
at java.lang.reflect.Method.invoke(Method.java:498)
at org.testng.internal.MethodInvocationHelper.invokeMethod(MethodInvocationHelper.java:133)
at org.testng.internal.TestInvoker.invokeMethod(TestInvoker.java:584)
at org.testng.internal.TestInvoker.invokeTestMethod(TestInvoker.java:172)
at org.testng.internal.MethodRunner.runInSequence(MethodRunner.java:46)
at org.testng.internal.TestInvoker$MethodInvocationAgent.invoke(TestInvoker.java:804)
at org.testng.internal.TestInvoker.invokeTestMethods(TestInvoker.java:145)
at org.testng.internal.TestMethodWorker.invokeTestMethods(TestMethodWorker.java:146)
at org.testng.internal.TestMethodWorker.run(TestMethodWorker.java:128)
at java.util.ArrayList.forEach(ArrayList.java:1257)
at org.testng.TestRunner.privateRun(TestRunner.java:770)
at org.testng.TestRunner.run(TestRunner.java:591)
at org.testng.SuiteRunner.runTest(SuiteRunner.java:402)
at org.testng.SuiteRunner.runSequentially(SuiteRunner.java:396)
at org.testng.SuiteRunner.privateRun(SuiteRunner.java:355)
at org.testng.SuiteRunner.run(SuiteRunner.java:304)
at org.testng.SuiteRunnerWorker.runSuite(SuiteRunnerWorker.java:53)
at org.testng.SuiteRunnerWorker.run(SuiteRunnerWorker.java:96)
at org.testng.TestNG.runSuitesSequentially(TestNG.java:1180)
at org.testng.TestNG.runSuitesLocally(TestNG.java:1102)
at org.testng.TestNG.runSuites(TestNG.java:1032)
at org.testng.TestNG.run(TestNG.java:1000)
at org.testng.remote.AbstractRemoteTestNG.run(AbstractRemoteTestNG.java:115)
at org.testng.remote.RemoteTestNG.initAndRun(RemoteTestNG.java:251)
at org.testng.remote.RemoteTestNG.main(RemoteTestNG.java:77)
]]>
            </full-stacktrace>
          </exception> <!-- org.openqa.selenium.InvalidSelectorException -->
          <reporter-output>
          </reporter-output>
        </test-method> <!-- googleLogoTest -->
        <test-method status="PASS" signature="tearDown()[pri:0, instance:com.test.GoogleTest@65e2dbf3]" name="tearDown" is-config="true" duration-ms="1299" started-at="2019-11-01T20:48:03 EDT" finished-at="2019-11-01T20:48:05 EDT">
          <reporter-output>
          </reporter-output>
        </test-method> <!-- tearDown -->
        <test-method status="PASS" signature="setUp()[pri:0, instance:com.test.GoogleTest@65e2dbf3]" name="setUp" is-config="true" duration-ms="11614" started-at="2019-11-01T20:48:05 EDT" finished-at="2019-11-01T20:48:16 EDT">
          <reporter-output>
          </reporter-output>
        </test-method> <!-- setUp -->
        <test-method status="PASS" signature="mailLinkTest()[pri:3, instance:com.test.GoogleTest@65e2dbf3]" name="mailLinkTest" duration-ms="180" started-at="2019-11-01T20:48:16 EDT" finished-at="2019-11-01T20:48:16 EDT">
          <reporter-output>
          </reporter-output>
        </test-method> <!-- mailLinkTest -->
        <test-method status="PASS" signature="tearDown()[pri:0, instance:com.test.GoogleTest@65e2dbf3]" name="tearDown" is-config="true" duration-ms="1637" started-at="2019-11-01T20:48:16 EDT" finished-at="2019-11-01T20:48:18 EDT">
          <reporter-output>
          </reporter-output>
        </test-method> <!-- tearDown -->
        <test-method status="PASS" signature="setUp()[pri:0, instance:com.test.GoogleTest@65e2dbf3]" name="setUp" is-config="true" duration-ms="11637" started-at="2019-11-01T20:48:18 EDT" finished-at="2019-11-01T20:48:30 EDT">
          <reporter-output>
          </reporter-output>
        </test-method> <!-- setUp -->
        <test-method status="PASS" signature="Test1()[pri:4, instance:com.test.GoogleTest@65e2dbf3]" name="Test1" duration-ms="2" started-at="2019-11-01T20:48:30 EDT" finished-at="2019-11-01T20:48:30 EDT">
          <reporter-output>
          </reporter-output>
        </test-method> <!-- Test1 -->
        <test-method status="PASS" signature="tearDown()[pri:0, instance:com.test.GoogleTest@65e2dbf3]" name="tearDown" is-config="true" duration-ms="912" started-at="2019-11-01T20:48:30 EDT" finished-at="2019-11-01T20:48:31 EDT">
          <reporter-output>
          </reporter-output>
        </test-method> <!-- tearDown -->
        <test-method status="PASS" signature="setUp()[pri:0, instance:com.test.GoogleTest@65e2dbf3]" name="setUp" is-config="true" duration-ms="11660" started-at="2019-11-01T20:48:31 EDT" finished-at="2019-11-01T20:48:42 EDT">
          <reporter-output>
          </reporter-output>
        </test-method> <!-- setUp -->
        <test-method status="PASS" signature="Test2()[pri:5, instance:com.test.GoogleTest@65e2dbf3]" name="Test2" duration-ms="1" started-at="2019-11-01T20:48:42 EDT" finished-at="2019-11-01T20:48:42 EDT">
          <reporter-output>
          </reporter-output>
        </test-method> <!-- Test2 -->
        <test-method status="PASS" signature="tearDown()[pri:0, instance:com.test.GoogleTest@65e2dbf3]" name="tearDown" is-config="true" duration-ms="932" started-at="2019-11-01T20:48:42 EDT" finished-at="2019-11-01T20:48:43 EDT">
          <reporter-output>
          </reporter-output>
        </test-method> <!-- tearDown -->
        <test-method status="PASS" signature="setUp()[pri:0, instance:com.test.GoogleTest@65e2dbf3]" name="setUp" is-config="true" duration-ms="11106" started-at="2019-11-01T20:48:43 EDT" finished-at="2019-11-01T20:48:54 EDT">
          <reporter-output>
          </reporter-output>
        </test-method> <!-- setUp -->
        <test-method status="PASS" signature="Test3()[pri:6, instance:com.test.GoogleTest@65e2dbf3]" name="Test3" duration-ms="1" started-at="2019-11-01T20:48:54 EDT" finished-at="2019-11-01T20:48:54 EDT">
          <reporter-output>
          </reporter-output>
        </test-method> <!-- Test3 -->
        <test-method status="PASS" signature="tearDown()[pri:0, instance:com.test.GoogleTest@65e2dbf3]" name="tearDown" is-config="true" duration-ms="834" started-at="2019-11-01T20:48:54 EDT" finished-at="2019-11-01T20:48:55 EDT">
          <reporter-output>
          </reporter-output>
        </test-method> <!-- tearDown -->
      </class> <!-- com.test.GoogleTest -->
      <class name="com.test.InvocationCountTest">
        <test-method status="PASS" signature="sum()[pri:0, instance:com.test.InvocationCountTest@4f970963]" name="sum" duration-ms="1" started-at="2019-11-01T20:48:55 EDT" finished-at="2019-11-01T20:48:55 EDT">
          <reporter-output>
          </reporter-output>
        </test-method> <!-- sum -->
        <test-method status="PASS" signature="sum()[pri:0, instance:com.test.InvocationCountTest@4f970963]" name="sum" duration-ms="1" started-at="2019-11-01T20:48:55 EDT" finished-at="2019-11-01T20:48:55 EDT">
          <reporter-output>
          </reporter-output>
        </test-method> <!-- sum -->
        <test-method status="PASS" signature="sum()[pri:0, instance:com.test.InvocationCountTest@4f970963]" name="sum" duration-ms="3" started-at="2019-11-01T20:48:55 EDT" finished-at="2019-11-01T20:48:55 EDT">
          <reporter-output>
          </reporter-output>
        </test-method> <!-- sum -->
        <test-method status="PASS" signature="sum()[pri:0, instance:com.test.InvocationCountTest@4f970963]" name="sum" duration-ms="2" started-at="2019-11-01T20:48:55 EDT" finished-at="2019-11-01T20:48:55 EDT">
          <reporter-output>
          </reporter-output>
        </test-method> <!-- sum -->
        <test-method status="PASS" signature="sum()[pri:0, instance:com.test.InvocationCountTest@4f970963]" name="sum" duration-ms="1" started-at="2019-11-01T20:48:55 EDT" finished-at="2019-11-01T20:48:55 EDT">
          <reporter-output>
          </reporter-output>
        </test-method> <!-- sum -->
        <test-method status="PASS" signature="sum()[pri:0, instance:com.test.InvocationCountTest@4f970963]" name="sum" duration-ms="1" started-at="2019-11-01T20:48:55 EDT" finished-at="2019-11-01T20:48:55 EDT">
          <reporter-output>
          </reporter-output>
        </test-method> <!-- sum -->
        <test-method status="PASS" signature="sum()[pri:0, instance:com.test.InvocationCountTest@4f970963]" name="sum" duration-ms="1" started-at="2019-11-01T20:48:55 EDT" finished-at="2019-11-01T20:48:55 EDT">
          <reporter-output>
          </reporter-output>
        </test-method> <!-- sum -->
        <test-method status="PASS" signature="sum()[pri:0, instance:com.test.InvocationCountTest@4f970963]" name="sum" duration-ms="1" started-at="2019-11-01T20:48:55 EDT" finished-at="2019-11-01T20:48:55 EDT">
          <reporter-output>
          </reporter-output>
        </test-method> <!-- sum -->
        <test-method status="PASS" signature="sum()[pri:0, instance:com.test.InvocationCountTest@4f970963]" name="sum" duration-ms="1" started-at="2019-11-01T20:48:55 EDT" finished-at="2019-11-01T20:48:55 EDT">
          <reporter-output>
          </reporter-output>
        </test-method> <!-- sum -->
        <test-method status="PASS" signature="sum()[pri:0, instance:com.test.InvocationCountTest@4f970963]" name="sum" duration-ms="3" started-at="2019-11-01T20:48:55 EDT" finished-at="2019-11-01T20:48:55 EDT">
          <reporter-output>
          </reporter-output>
        </test-method> <!-- sum -->
      </class> <!-- com.test.InvocationCountTest -->
      <class name="com.test.TestNgFeatures">
        <test-method status="FAIL" signature="LoginTest()[pri:0, instance:com.test.TestNgFeatures@61f8bee4]" name="LoginTest" duration-ms="7" started-at="2019-11-01T20:48:55 EDT" finished-at="2019-11-01T20:48:55 EDT">
          <exception class="java.lang.ArithmeticException">
            <message>
              <![CDATA[/ by zero]]>
            </message>
            <full-stacktrace>
              <![CDATA[java.lang.ArithmeticException: / by zero
at com.test.TestNgFeatures.LoginTest(TestNgFeatures.java:10)
at sun.reflect.NativeMethodAccessorImpl.invoke0(Native Method)
at sun.reflect.NativeMethodAccessorImpl.invoke(NativeMethodAccessorImpl.java:62)
at sun.reflect.DelegatingMethodAccessorImpl.invoke(DelegatingMethodAccessorImpl.java:43)
at java.lang.reflect.Method.invoke(Method.java:498)
at org.testng.internal.MethodInvocationHelper.invokeMethod(MethodInvocationHelper.java:133)
at org.testng.internal.TestInvoker.invokeMethod(TestInvoker.java:584)
at org.testng.internal.TestInvoker.invokeTestMethod(TestInvoker.java:172)
at org.testng.internal.MethodRunner.runInSequence(MethodRunner.java:46)
at org.testng.internal.TestInvoker$MethodInvocationAgent.invoke(TestInvoker.java:804)
at org.testng.internal.TestInvoker.invokeTestMethods(TestInvoker.java:145)
at org.testng.internal.TestMethodWorker.invokeTestMethods(TestMethodWorker.java:146)
at org.testng.internal.TestMethodWorker.run(TestMethodWorker.java:128)
at java.util.ArrayList.forEach(ArrayList.java:1257)
at org.testng.TestRunner.privateRun(TestRunner.java:770)
at org.testng.TestRunner.run(TestRunner.java:591)
at org.testng.SuiteRunner.runTest(SuiteRunner.java:402)
at org.testng.SuiteRunner.runSequentially(SuiteRunner.java:396)
at org.testng.SuiteRunner.privateRun(SuiteRunner.java:355)
at org.testng.SuiteRunner.run(SuiteRunner.java:304)
at org.testng.SuiteRunnerWorker.runSuite(SuiteRunnerWorker.java:53)
at org.testng.SuiteRunnerWorker.run(SuiteRunnerWorker.java:96)
at org.testng.TestNG.runSuitesSequentially(TestNG.java:1180)
at org.testng.TestNG.runSuitesLocally(TestNG.java:1102)
at org.testng.TestNG.runSuites(TestNG.java:1032)
at org.testng.TestNG.run(TestNG.java:1000)
at org.testng.remote.AbstractRemoteTestNG.run(AbstractRemoteTestNG.java:115)
at org.testng.remote.RemoteTestNG.initAndRun(RemoteTestNG.java:251)
at org.testng.remote.RemoteTestNG.main(RemoteTestNG.java:77)
]]>
            </full-stacktrace>
          </exception> <!-- java.lang.ArithmeticException -->
          <reporter-output>
          </reporter-output>
        </test-method> <!-- LoginTest -->
        <test-method status="SKIP" signature="HomePageTest()[pri:0, instance:com.test.TestNgFeatures@61f8bee4]" name="HomePageTest" duration-ms="0" started-at="2019-11-01T20:48:55 EDT" depends-on-methods="com.test.TestNgFeatures.LoginTest" finished-at="2019-11-01T20:48:55 EDT">
          <exception class="java.lang.Throwable">
            <message>
              <![CDATA[Method TestNgFeatures.HomePageTest()[pri:0, instance:com.test.TestNgFeatures@61f8bee4] depends on not successfully finished methods]]>
            </message>
            <full-stacktrace>
              <![CDATA[java.lang.Throwable: Method TestNgFeatures.HomePageTest()[pri:0, instance:com.test.TestNgFeatures@61f8bee4] depends on not successfully finished methods
at org.testng.internal.TestInvoker.invokeTestMethods(TestInvoker.java:99)
at org.testng.internal.TestMethodWorker.invokeTestMethods(TestMethodWorker.java:146)
at org.testng.internal.TestMethodWorker.run(TestMethodWorker.java:128)
at java.util.ArrayList.forEach(ArrayList.java:1257)
at org.testng.TestRunner.privateRun(TestRunner.java:770)
at org.testng.TestRunner.run(TestRunner.java:591)
at org.testng.SuiteRunner.runTest(SuiteRunner.java:402)
at org.testng.SuiteRunner.runSequentially(SuiteRunner.java:396)
at org.testng.SuiteRunner.privateRun(SuiteRunner.java:355)
at org.testng.SuiteRunner.run(SuiteRunner.java:304)
at org.testng.SuiteRunnerWorker.runSuite(SuiteRunnerWorker.java:53)
at org.testng.SuiteRunnerWorker.run(SuiteRunnerWorker.java:96)
at org.testng.TestNG.runSuitesSequentially(TestNG.java:1180)
at org.testng.TestNG.runSuitesLocally(TestNG.java:1102)
at org.testng.TestNG.runSuites(TestNG.java:1032)
at org.testng.TestNG.run(TestNG.java:1000)
at org.testng.remote.AbstractRemoteTestNG.run(AbstractRemoteTestNG.java:115)
at org.testng.remote.RemoteTestNG.initAndRun(RemoteTestNG.java:251)
at org.testng.remote.RemoteTestNG.main(RemoteTestNG.java:77)
]]>
            </full-stacktrace>
          </exception> <!-- java.lang.Throwable -->
          <reporter-output>
          </reporter-output>
        </test-method> <!-- HomePageTest -->
        <test-method status="SKIP" signature="RegPageTest()[pri:0, instance:com.test.TestNgFeatures@61f8bee4]" name="RegPageTest" duration-ms="0" started-at="2019-11-01T20:48:55 EDT" depends-on-methods="com.test.TestNgFeatures.LoginTest" finished-at="2019-11-01T20:48:55 EDT">
          <exception class="java.lang.Throwable">
            <message>
              <![CDATA[Method TestNgFeatures.RegPageTest()[pri:0, instance:com.test.TestNgFeatures@61f8bee4] depends on not successfully finished methods]]>
            </message>
            <full-stacktrace>
              <![CDATA[java.lang.Throwable: Method TestNgFeatures.RegPageTest()[pri:0, instance:com.test.TestNgFeatures@61f8bee4] depends on not successfully finished methods
at org.testng.internal.TestInvoker.invokeTestMethods(TestInvoker.java:99)
at org.testng.internal.TestMethodWorker.invokeTestMethods(TestMethodWorker.java:146)
at org.testng.internal.TestMethodWorker.run(TestMethodWorker.java:128)
at java.util.ArrayList.forEach(ArrayList.java:1257)
at org.testng.TestRunner.privateRun(TestRunner.java:770)
at org.testng.TestRunner.run(TestRunner.java:591)
at org.testng.SuiteRunner.runTest(SuiteRunner.java:402)
at org.testng.SuiteRunner.runSequentially(SuiteRunner.java:396)
at org.testng.SuiteRunner.privateRun(SuiteRunner.java:355)
at org.testng.SuiteRunner.run(SuiteRunner.java:304)
at org.testng.SuiteRunnerWorker.runSuite(SuiteRunnerWorker.java:53)
at org.testng.SuiteRunnerWorker.run(SuiteRunnerWorker.java:96)
at org.testng.TestNG.runSuitesSequentially(TestNG.java:1180)
at org.testng.TestNG.runSuitesLocally(TestNG.java:1102)
at org.testng.TestNG.runSuites(TestNG.java:1032)
at org.testng.TestNG.run(TestNG.java:1000)
at org.testng.remote.AbstractRemoteTestNG.run(AbstractRemoteTestNG.java:115)
at org.testng.remote.RemoteTestNG.initAndRun(RemoteTestNG.java:251)
at org.testng.remote.RemoteTestNG.main(RemoteTestNG.java:77)
]]>
            </full-stacktrace>
          </exception> <!-- java.lang.Throwable -->
          <reporter-output>
          </reporter-output>
        </test-method> <!-- RegPageTest -->
        <test-method status="SKIP" signature="SearchPageTest()[pri:0, instance:com.test.TestNgFeatures@61f8bee4]" name="SearchPageTest" duration-ms="0" started-at="2019-11-01T20:48:55 EDT" depends-on-methods="com.test.TestNgFeatures.LoginTest" finished-at="2019-11-01T20:48:55 EDT">
          <exception class="java.lang.Throwable">
            <message>
              <![CDATA[Method TestNgFeatures.SearchPageTest()[pri:0, instance:com.test.TestNgFeatures@61f8bee4] depends on not successfully finished methods]]>
            </message>
            <full-stacktrace>
              <![CDATA[java.lang.Throwable: Method TestNgFeatures.SearchPageTest()[pri:0, instance:com.test.TestNgFeatures@61f8bee4] depends on not successfully finished methods
at org.testng.internal.TestInvoker.invokeTestMethods(TestInvoker.java:99)
at org.testng.internal.TestMethodWorker.invokeTestMethods(TestMethodWorker.java:146)
at org.testng.internal.TestMethodWorker.run(TestMethodWorker.java:128)
at java.util.ArrayList.forEach(ArrayList.java:1257)
at org.testng.TestRunner.privateRun(TestRunner.java:770)
at org.testng.TestRunner.run(TestRunner.java:591)
at org.testng.SuiteRunner.runTest(SuiteRunner.java:402)
at org.testng.SuiteRunner.runSequentially(SuiteRunner.java:396)
at org.testng.SuiteRunner.privateRun(SuiteRunner.java:355)
at org.testng.SuiteRunner.run(SuiteRunner.java:304)
at org.testng.SuiteRunnerWorker.runSuite(SuiteRunnerWorker.java:53)
at org.testng.SuiteRunnerWorker.run(SuiteRunnerWorker.java:96)
at org.testng.TestNG.runSuitesSequentially(TestNG.java:1180)
at org.testng.TestNG.runSuitesLocally(TestNG.java:1102)
at org.testng.TestNG.runSuites(TestNG.java:1032)
at org.testng.TestNG.run(TestNG.java:1000)
at org.testng.remote.AbstractRemoteTestNG.run(AbstractRemoteTestNG.java:115)
at org.testng.remote.RemoteTestNG.initAndRun(RemoteTestNG.java:251)
at org.testng.remote.RemoteTestNG.main(RemoteTestNG.java:77)
]]>
            </full-stacktrace>
          </exception> <!-- java.lang.Throwable -->
          <reporter-output>
          </reporter-output>
        </test-method> <!-- SearchPageTest -->
      </class> <!-- com.test.TestNgFeatures -->
      <class name="com.test.ValidationTest">
        <test-method status="PASS" signature="openBrowser()[pri:0, instance:com.test.ValidationTest@7b49cea0]" name="openBrowser" is-config="true" duration-ms="11245" started-at="2019-11-01T20:48:55 EDT" finished-at="2019-11-01T20:49:06 EDT">
          <reporter-output>
          </reporter-output>
        </test-method> <!-- openBrowser -->
        <test-method status="PASS" signature="getTitle()[pri:0, instance:com.test.ValidationTest@7b49cea0]" name="getTitle" duration-ms="50" started-at="2019-11-01T20:49:06 EDT" finished-at="2019-11-01T20:49:06 EDT">
          <reporter-output>
          </reporter-output>
        </test-method> <!-- getTitle -->
        <test-method status="PASS" signature="closeBrowser()[pri:0, instance:com.test.ValidationTest@7b49cea0]" name="closeBrowser" is-config="true" duration-ms="958" started-at="2019-11-01T20:49:06 EDT" finished-at="2019-11-01T20:49:07 EDT">
          <reporter-output>
          </reporter-output>
        </test-method> <!-- closeBrowser -->
        <test-method status="PASS" signature="openBrowser()[pri:0, instance:com.test.ValidationTest@7b49cea0]" name="openBrowser" is-config="true" duration-ms="11805" started-at="2019-11-01T20:49:07 EDT" finished-at="2019-11-01T20:49:19 EDT">
          <reporter-output>
          </reporter-output>
        </test-method> <!-- openBrowser -->
        <test-method status="PASS" signature="googleLogoTest()[pri:0, instance:com.test.ValidationTest@7b49cea0]" name="googleLogoTest" duration-ms="86" started-at="2019-11-01T20:49:19 EDT" finished-at="2019-11-01T20:49:19 EDT">
          <reporter-output>
          </reporter-output>
        </test-method> <!-- googleLogoTest -->
        <test-method status="PASS" signature="closeBrowser()[pri:0, instance:com.test.ValidationTest@7b49cea0]" name="closeBrowser" is-config="true" duration-ms="800" started-at="2019-11-01T20:49:19 EDT" finished-at="2019-11-01T20:49:20 EDT">
          <reporter-output>
          </reporter-output>
        </test-method> <!-- closeBrowser -->
      </class> <!-- com.test.ValidationTest -->
      <class name="com.test.TestNgBasics">
        <test-method status="PASS" signature="setUp()[pri:0, instance:com.test.TestNgBasics@67b92f0a]" name="setUp" is-config="true" duration-ms="21" started-at="2019-11-01T20:47:33 EDT" finished-at="2019-11-01T20:47:33 EDT">
          <reporter-output>
          </reporter-output>
        </test-method> <!-- setUp -->
        <test-method status="PASS" signature="launchBrowser()[pri:0, instance:com.test.TestNgBasics@67b92f0a]" name="launchBrowser" is-config="true" duration-ms="0" started-at="2019-11-01T20:47:33 EDT" finished-at="2019-11-01T20:47:33 EDT">
          <reporter-output>
          </reporter-output>
        </test-method> <!-- launchBrowser -->
        <test-method status="PASS" signature="enterURL()[pri:0, instance:com.test.TestNgBasics@67b92f0a]" name="enterURL" is-config="true" duration-ms="0" started-at="2019-11-01T20:48:55 EDT" finished-at="2019-11-01T20:48:55 EDT">
          <reporter-output>
          </reporter-output>
        </test-method> <!-- enterURL -->
        <test-method status="PASS" signature="login()[pri:0, instance:com.test.TestNgBasics@67b92f0a]" name="login" is-config="true" duration-ms="0" started-at="2019-11-01T20:48:55 EDT" finished-at="2019-11-01T20:48:55 EDT">
          <reporter-output>
          </reporter-output>
        </test-method> <!-- login -->
        <test-method status="PASS" signature="Test2()[pri:0, instance:com.test.TestNgBasics@67b92f0a]" name="Test2" duration-ms="2" started-at="2019-11-01T20:48:55 EDT" finished-at="2019-11-01T20:48:55 EDT">
          <reporter-output>
          </reporter-output>
        </test-method> <!-- Test2 -->
        <test-method status="PASS" signature="logOut()[pri:0, instance:com.test.TestNgBasics@67b92f0a]" name="logOut" is-config="true" duration-ms="0" started-at="2019-11-01T20:48:55 EDT" finished-at="2019-11-01T20:48:55 EDT">
          <reporter-output>
          </reporter-output>
        </test-method> <!-- logOut -->
        <test-method status="PASS" signature="googleTitleTest()[pri:0, instance:com.test.TestNgBasics@67b92f0a]" name="googleTitleTest" duration-ms="1" started-at="2019-11-01T20:48:55 EDT" finished-at="2019-11-01T20:48:55 EDT">
          <reporter-output>
          </reporter-output>
        </test-method> <!-- googleTitleTest -->
        <test-method status="PASS" signature="login()[pri:0, instance:com.test.TestNgBasics@67b92f0a]" name="login" is-config="true" duration-ms="0" started-at="2019-11-01T20:48:55 EDT" finished-at="2019-11-01T20:48:55 EDT">
          <reporter-output>
          </reporter-output>
        </test-method> <!-- login -->
        <test-method status="PASS" signature="logOut()[pri:0, instance:com.test.TestNgBasics@67b92f0a]" name="logOut" is-config="true" duration-ms="1" started-at="2019-11-01T20:48:55 EDT" finished-at="2019-11-01T20:48:55 EDT">
          <reporter-output>
          </reporter-output>
        </test-method> <!-- logOut -->
        <test-method status="PASS" signature="deleteAllCookies()[pri:0, instance:com.test.TestNgBasics@67b92f0a]" name="deleteAllCookies" is-config="true" duration-ms="1" started-at="2019-11-01T20:48:55 EDT" finished-at="2019-11-01T20:48:55 EDT">
          <reporter-output>
          </reporter-output>
        </test-method> <!-- deleteAllCookies -->
        <test-method status="PASS" signature="closeBrowser()[pri:0, instance:com.test.TestNgBasics@67b92f0a]" name="closeBrowser" is-config="true" duration-ms="0" started-at="2019-11-01T20:49:20 EDT" finished-at="2019-11-01T20:49:20 EDT">
          <reporter-output>
          </reporter-output>
        </test-method> <!-- closeBrowser -->
        <test-method status="PASS" signature="generateTestReport()[pri:0, instance:com.test.TestNgBasics@67b92f0a]" name="generateTestReport" is-config="true" duration-ms="1" started-at="2019-11-01T20:49:20 EDT" finished-at="2019-11-01T20:49:20 EDT">
          <reporter-output>
          </reporter-output>
        </test-method> <!-- generateTestReport -->
      </class> <!-- com.test.TestNgBasics -->
      <class name="com.test.ExceptionTimeOutTest">
        <test-method status="PASS" signature="expectedException()[pri:0, instance:com.test.ExceptionTimeOutTest@2b9627bc]" name="expectedException" duration-ms="6" started-at="2019-11-01T20:47:33 EDT" finished-at="2019-11-01T20:47:33 EDT">
          <exception class="java.lang.NumberFormatException">
            <message>
              <![CDATA[For input string: "200B"]]>
            </message>
            <full-stacktrace>
              <![CDATA[java.lang.NumberFormatException: For input string: "200B"
at java.lang.NumberFormatException.forInputString(NumberFormatException.java:65)
at java.lang.Integer.parseInt(Integer.java:580)
at java.lang.Integer.parseInt(Integer.java:615)
at com.test.ExceptionTimeOutTest.expectedException(ExceptionTimeOutTest.java:22)
at sun.reflect.NativeMethodAccessorImpl.invoke0(Native Method)
at sun.reflect.NativeMethodAccessorImpl.invoke(NativeMethodAccessorImpl.java:62)
at sun.reflect.DelegatingMethodAccessorImpl.invoke(DelegatingMethodAccessorImpl.java:43)
at java.lang.reflect.Method.invoke(Method.java:498)
at org.testng.internal.MethodInvocationHelper.invokeMethod(MethodInvocationHelper.java:133)
at org.testng.internal.TestInvoker.invokeMethod(TestInvoker.java:584)
at org.testng.internal.TestInvoker.invokeTestMethod(TestInvoker.java:172)
at org.testng.internal.MethodRunner.runInSequence(MethodRunner.java:46)
at org.testng.internal.TestInvoker$MethodInvocationAgent.invoke(TestInvoker.java:804)
at org.testng.internal.TestInvoker.invokeTestMethods(TestInvoker.java:145)
at org.testng.internal.TestMethodWorker.invokeTestMethods(TestMethodWorker.java:146)
at org.testng.internal.TestMethodWorker.run(TestMethodWorker.java:128)
at java.util.ArrayList.forEach(ArrayList.java:1257)
at org.testng.TestRunner.privateRun(TestRunner.java:770)
at org.testng.TestRunner.run(TestRunner.java:591)
at org.testng.SuiteRunner.runTest(SuiteRunner.java:402)
at org.testng.SuiteRunner.runSequentially(SuiteRunner.java:396)
at org.testng.SuiteRunner.privateRun(SuiteRunner.java:355)
at org.testng.SuiteRunner.run(SuiteRunner.java:304)
at org.testng.SuiteRunnerWorker.runSuite(SuiteRunnerWorker.java:53)
at org.testng.SuiteRunnerWorker.run(SuiteRunnerWorker.java:96)
at org.testng.TestNG.runSuitesSequentially(TestNG.java:1180)
at org.testng.TestNG.runSuitesLocally(TestNG.java:1102)
at org.testng.TestNG.runSuites(TestNG.java:1032)
at org.testng.TestNG.run(TestNG.java:1000)
at org.testng.remote.AbstractRemoteTestNG.run(AbstractRemoteTestNG.java:115)
at org.testng.remote.RemoteTestNG.initAndRun(RemoteTestNG.java:251)
at org.testng.remote.RemoteTestNG.main(RemoteTestNG.java:77)
]]>
            </full-stacktrace>
          </exception> <!-- java.lang.NumberFormatException -->
          <reporter-output>
          </reporter-output>
        </test-method> <!-- expectedException -->
      </class> <!-- com.test.ExceptionTimeOutTest -->
    </test> <!-- Testng All Features Testing -->
  </suite> <!-- Testng Features Testing -->
</testng-results>
